<?xml version="1.0" encoding="UTF-8"?>
<testng-results skipped="0" failed="0" ignored="0" total="1" passed="1">
  <reporter-output>
  </reporter-output>
  <suite name="Default suite" duration-ms="23352" started-at="2018-08-18T01:47:29Z" finished-at="2018-08-18T01:47:52Z">
    <groups>
    </groups>
    <test name="Default test" duration-ms="23352" started-at="2018-08-18T01:47:29Z" finished-at="2018-08-18T01:47:52Z">
      <class name="cpaTest.Win">
        <test-method status="PASS" signature="setUp()[pri:0, instance:cpaTest.Win@100fc185]" name="setUp" is-config="true" duration-ms="23196" started-at="2018-08-18T09:47:29Z" finished-at="2018-08-18T09:47:52Z">
          <reporter-output>
          </reporter-output>
        </test-method> <!-- setUp -->
        <test-method status="PASS" signature="applyNewCpa()[pri:0, instance:cpaTest.Win@100fc185]" name="applyNewCpa" duration-ms="142" started-at="2018-08-18T09:47:52Z" finished-at="2018-08-18T09:47:52Z">
          <reporter-output>
          </reporter-output>
        </test-method> <!-- applyNewCpa -->
      </class> <!-- cpaTest.Win -->
    </test> <!-- Default test -->
  </suite> <!-- Default suite -->
</testng-results>
