<?xml version="1.0" encoding="UTF-8"?>
<testng-results skipped="0" failed="0" ignored="0" total="2" passed="2">
  <reporter-output>
  </reporter-output>
  <suite name="Default suite" duration-ms="8662" started-at="2018-09-28T02:00:50Z" finished-at="2018-09-28T02:00:59Z">
    <groups>
    </groups>
    <test name="Default test" duration-ms="8662" started-at="2018-09-28T02:00:50Z" finished-at="2018-09-28T02:00:59Z">
      <class name="com.qa.demo.ProjDemo">
        <test-method status="PASS" signature="setUp()[pri:0, instance:com.qa.demo.ProjDemo@5b275dab]" name="setUp" is-config="true" duration-ms="9" started-at="2018-09-28T02:00:50Z" finished-at="2018-09-28T02:00:50Z">
          <reporter-output>
          </reporter-output>
        </test-method> <!-- setUp -->
        <test-method status="PASS" signature="projDemo()[pri:0, instance:com.qa.demo.ProjDemo@5b275dab]" name="projDemo" duration-ms="2766" started-at="2018-09-28T02:00:50Z" finished-at="2018-09-28T02:00:53Z">
          <reporter-output>
          </reporter-output>
        </test-method> <!-- projDemo -->
        <test-method status="PASS" signature="projDemoRefuse()[pri:1, instance:com.qa.demo.ProjDemo@5b275dab]" name="projDemoRefuse" duration-ms="5870" started-at="2018-09-28T02:00:53Z" finished-at="2018-09-28T02:00:59Z">
          <reporter-output>
          </reporter-output>
        </test-method> <!-- projDemoRefuse -->
      </class> <!-- com.qa.demo.ProjDemo -->
    </test> <!-- Default test -->
  </suite> <!-- Default suite -->
</testng-results>
